<?xml version="1.0" encoding="utf-8"?>
<coverage line-rate="0.7646999999999999" branch-rate="0.7" version="1.9" timestamp="1743981184" lines-covered="104" lines-valid="136" branches-covered="14" branches-valid="20">
  <sources>
    <source>C:\</source>
  </sources>
  <packages>
    <package name="Lambda-FrameSnap-Processor" line-rate="0.7646999999999999" branch-rate="0.7" complexity="30">
      <classes>
        <class name="Lambda_FrameSnap_Processor.Function" filename="Users\Marcelo\OneDrive\Documentos\Pós Graduação FIAP\FIAP-SOAT\Hackaton\FrameSnap\Lambda-Framesnap-Video-Processor\Lambda-FrameSnap-Processor\Function.cs" line-rate="0.8887999999999999" branch-rate="0.5" complexity="5">
          <methods>
            <method name=".ctor" signature="()" line-rate="0" branch-rate="1" complexity="1">
              <lines>
                <line number="26" hits="0" branch="False" />
              </lines>
            </method>
            <method name=".ctor" signature="(Amazon.S3.IAmazonS3,System.Net.Http.HttpClient)" line-rate="1" branch-rate="0.5" complexity="4">
              <lines>
                <line number="29" hits="23" branch="False" />
                <line number="30" hits="23" branch="False" />
                <line number="31" hits="23" branch="True" condition-coverage="50% (1/2)">
                  <conditions>
                    <condition number="38" type="jump" coverage="50%" />
                  </conditions>
                </line>
                <line number="32" hits="23" branch="True" condition-coverage="50% (1/2)">
                  <conditions>
                    <condition number="81" type="jump" coverage="50%" />
                  </conditions>
                </line>
                <line number="34" hits="23" branch="False" />
                <line number="35" hits="23" branch="False" />
                <line number="37" hits="23" branch="False" />
                <line number="38" hits="23" branch="False" />
              </lines>
            </method>
          </methods>
          <lines>
            <line number="26" hits="0" branch="False" />
            <line number="29" hits="23" branch="False" />
            <line number="30" hits="23" branch="False" />
            <line number="31" hits="23" branch="True" condition-coverage="50% (1/2)">
              <conditions>
                <condition number="38" type="jump" coverage="50%" />
              </conditions>
            </line>
            <line number="32" hits="23" branch="True" condition-coverage="50% (1/2)">
              <conditions>
                <condition number="81" type="jump" coverage="50%" />
              </conditions>
            </line>
            <line number="34" hits="23" branch="False" />
            <line number="35" hits="23" branch="False" />
            <line number="37" hits="23" branch="False" />
            <line number="38" hits="23" branch="False" />
          </lines>
        </class>
        <class name="Lambda_FrameSnap_Processor.Function/&lt;DownloadVideoFromS3&gt;d__9" filename="Users\Marcelo\OneDrive\Documentos\Pós Graduação FIAP\FIAP-SOAT\Hackaton\FrameSnap\Lambda-Framesnap-Video-Processor\Lambda-FrameSnap-Processor\Function.cs" line-rate="1" branch-rate="1" complexity="1">
          <methods>
            <method name="MoveNext" signature="()" line-rate="1" branch-rate="1" complexity="1">
              <lines>
                <line number="132" hits="7" branch="False" />
                <line number="133" hits="7" branch="False" />
                <line number="134" hits="7" branch="False" />
                <line number="135" hits="7" branch="False" />
                <line number="136" hits="7" branch="False" />
                <line number="137" hits="7" branch="False" />
                <line number="139" hits="7" branch="False" />
                <line number="140" hits="7" branch="False" />
                <line number="141" hits="7" branch="False" />
              </lines>
            </method>
          </methods>
          <lines>
            <line number="132" hits="7" branch="False" />
            <line number="133" hits="7" branch="False" />
            <line number="134" hits="7" branch="False" />
            <line number="135" hits="7" branch="False" />
            <line number="136" hits="7" branch="False" />
            <line number="137" hits="7" branch="False" />
            <line number="139" hits="7" branch="False" />
            <line number="140" hits="7" branch="False" />
            <line number="141" hits="7" branch="False" />
          </lines>
        </class>
        <class name="Lambda_FrameSnap_Processor.Function/&lt;FunctionHandler&gt;d__7" filename="Users\Marcelo\OneDrive\Documentos\Pós Graduação FIAP\FIAP-SOAT\Hackaton\FrameSnap\Lambda-Framesnap-Video-Processor\Lambda-FrameSnap-Processor\Function.cs" line-rate="1" branch-rate="1" complexity="4">
          <methods>
            <method name="MoveNext" signature="()" line-rate="1" branch-rate="1" complexity="4">
              <lines>
                <line number="41" hits="23" branch="False" />
                <line number="42" hits="23" branch="True" condition-coverage="100% (2/2)">
                  <conditions>
                    <condition number="64" type="jump" coverage="100%" />
                  </conditions>
                </line>
                <line number="43" hits="1" branch="False" />
                <line number="44" hits="1" branch="False" />
                <line number="45" hits="1" branch="False" />
                <line number="48" hits="22" branch="False" />
                <line number="49" hits="22" branch="False" />
                <line number="50" hits="22" branch="False" />
                <line number="52" hits="91" branch="True" condition-coverage="100% (2/2)">
                  <conditions>
                    <condition number="545" type="jump" coverage="100%" />
                  </conditions>
                </line>
                <line number="53" hits="22" branch="False" />
                <line number="54" hits="22" branch="False" />
                <line number="55" hits="3" branch="False" />
                <line number="56" hits="4" branch="False" />
              </lines>
            </method>
          </methods>
          <lines>
            <line number="41" hits="23" branch="False" />
            <line number="42" hits="23" branch="True" condition-coverage="100% (2/2)">
              <conditions>
                <condition number="64" type="jump" coverage="100%" />
              </conditions>
            </line>
            <line number="43" hits="1" branch="False" />
            <line number="44" hits="1" branch="False" />
            <line number="45" hits="1" branch="False" />
            <line number="48" hits="22" branch="False" />
            <line number="49" hits="22" branch="False" />
            <line number="50" hits="22" branch="False" />
            <line number="52" hits="91" branch="True" condition-coverage="100% (2/2)">
              <conditions>
                <condition number="545" type="jump" coverage="100%" />
              </conditions>
            </line>
            <line number="53" hits="22" branch="False" />
            <line number="54" hits="22" branch="False" />
            <line number="55" hits="3" branch="False" />
            <line number="56" hits="4" branch="False" />
          </lines>
        </class>
        <class name="Lambda_FrameSnap_Processor.Function/&lt;ProcessMessageAsync&gt;d__8" filename="Users\Marcelo\OneDrive\Documentos\Pós Graduação FIAP\FIAP-SOAT\Hackaton\FrameSnap\Lambda-Framesnap-Video-Processor\Lambda-FrameSnap-Processor\Function.cs" line-rate="0.5489999999999999" branch-rate="0.7" complexity="10">
          <methods>
            <method name="MoveNext" signature="()" line-rate="0.5489999999999999" branch-rate="0.7" complexity="10">
              <lines>
                <line number="59" hits="22" branch="False" />
                <line number="61" hits="22" branch="False" />
                <line number="62" hits="22" branch="False" />
                <line number="63" hits="21" branch="True" condition-coverage="75% (3/4)">
                  <conditions>
                    <condition number="165" type="jump" coverage="50%" />
                    <condition number="191" type="jump" coverage="100%" />
                  </conditions>
                </line>
                <line number="65" hits="21" branch="True" condition-coverage="100% (2/2)">
                  <conditions>
                    <condition number="239" type="jump" coverage="100%" />
                  </conditions>
                </line>
                <line number="66" hits="2" branch="False" />
                <line number="67" hits="2" branch="False" />
                <line number="68" hits="2" branch="False" />
                <line number="71" hits="19" branch="False" />
                <line number="73" hits="19" branch="True" condition-coverage="100% (2/2)">
                  <conditions>
                    <condition number="364" type="jump" coverage="100%" />
                  </conditions>
                </line>
                <line number="74" hits="1" branch="False" />
                <line number="75" hits="1" branch="False" />
                <line number="76" hits="1" branch="False" />
                <line number="79" hits="18" branch="False" />
                <line number="81" hits="18" branch="False" />
                <line number="83" hits="18" branch="False" />
                <line number="84" hits="10" branch="False" />
                <line number="86" hits="7" branch="False" />
                <line number="87" hits="7" branch="False" />
                <line number="89" hits="7" branch="False" />
                <line number="90" hits="7" branch="False" />
                <line number="92" hits="7" branch="False" />
                <line number="93" hits="0" branch="False" />
                <line number="94" hits="0" branch="False" />
                <line number="96" hits="0" branch="False" />
                <line number="97" hits="0" branch="True" condition-coverage="0% (0/2)">
                  <conditions>
                    <condition number="1612" type="jump" coverage="0%" />
                  </conditions>
                </line>
                <line number="98" hits="0" branch="False" />
                <line number="99" hits="0" branch="False" />
                <line number="100" hits="0" branch="False" />
                <line number="101" hits="0" branch="False" />
                <line number="102" hits="0" branch="False" />
                <line number="103" hits="0" branch="False" />
                <line number="105" hits="0" branch="False" />
                <line number="107" hits="0" branch="False" />
                <line number="108" hits="0" branch="False" />
                <line number="109" hits="0" branch="False" />
                <line number="111" hits="0" branch="False" />
                <line number="112" hits="0" branch="False" />
                <line number="114" hits="0" branch="False" />
                <line number="115" hits="0" branch="False" />
                <line number="117" hits="0" branch="False" />
                <line number="118" hits="0" branch="False" />
                <line number="119" hits="0" branch="False" />
                <line number="121" hits="0" branch="False" />
                <line number="122" hits="0" branch="False" />
                <line number="123" hits="19" branch="False" />
                <line number="124" hits="19" branch="False" />
                <line number="125" hits="19" branch="False" />
                <line number="126" hits="19" branch="False" />
                <line number="127" hits="19" branch="False" />
                <line number="129" hits="3" branch="False" />
              </lines>
            </method>
          </methods>
          <lines>
            <line number="59" hits="22" branch="False" />
            <line number="61" hits="22" branch="False" />
            <line number="62" hits="22" branch="False" />
            <line number="63" hits="21" branch="True" condition-coverage="75% (3/4)">
              <conditions>
                <condition number="165" type="jump" coverage="50%" />
                <condition number="191" type="jump" coverage="100%" />
              </conditions>
            </line>
            <line number="65" hits="21" branch="True" condition-coverage="100% (2/2)">
              <conditions>
                <condition number="239" type="jump" coverage="100%" />
              </conditions>
            </line>
            <line number="66" hits="2" branch="False" />
            <line number="67" hits="2" branch="False" />
            <line number="68" hits="2" branch="False" />
            <line number="71" hits="19" branch="False" />
            <line number="73" hits="19" branch="True" condition-coverage="100% (2/2)">
              <conditions>
                <condition number="364" type="jump" coverage="100%" />
              </conditions>
            </line>
            <line number="74" hits="1" branch="False" />
            <line number="75" hits="1" branch="False" />
            <line number="76" hits="1" branch="False" />
            <line number="79" hits="18" branch="False" />
            <line number="81" hits="18" branch="False" />
            <line number="83" hits="18" branch="False" />
            <line number="84" hits="10" branch="False" />
            <line number="86" hits="7" branch="False" />
            <line number="87" hits="7" branch="False" />
            <line number="89" hits="7" branch="False" />
            <line number="90" hits="7" branch="False" />
            <line number="92" hits="7" branch="False" />
            <line number="93" hits="0" branch="False" />
            <line number="94" hits="0" branch="False" />
            <line number="96" hits="0" branch="False" />
            <line number="97" hits="0" branch="True" condition-coverage="0% (0/2)">
              <conditions>
                <condition number="1612" type="jump" coverage="0%" />
              </conditions>
            </line>
            <line number="98" hits="0" branch="False" />
            <line number="99" hits="0" branch="False" />
            <line number="100" hits="0" branch="False" />
            <line number="101" hits="0" branch="False" />
            <line number="102" hits="0" branch="False" />
            <line number="103" hits="0" branch="False" />
            <line number="105" hits="0" branch="False" />
            <line number="107" hits="0" branch="False" />
            <line number="108" hits="0" branch="False" />
            <line number="109" hits="0" branch="False" />
            <line number="111" hits="0" branch="False" />
            <line number="112" hits="0" branch="False" />
            <line number="114" hits="0" branch="False" />
            <line number="115" hits="0" branch="False" />
            <line number="117" hits="0" branch="False" />
            <line number="118" hits="0" branch="False" />
            <line number="119" hits="0" branch="False" />
            <line number="121" hits="0" branch="False" />
            <line number="122" hits="0" branch="False" />
            <line number="123" hits="19" branch="False" />
            <line number="124" hits="19" branch="False" />
            <line number="125" hits="19" branch="False" />
            <line number="126" hits="19" branch="False" />
            <line number="127" hits="19" branch="False" />
            <line number="129" hits="3" branch="False" />
          </lines>
        </class>
        <class name="Lambda_FrameSnap_Processor.Function/&lt;UpdateDynamoMetadata&gt;d__12" filename="Users\Marcelo\OneDrive\Documentos\Pós Graduação FIAP\FIAP-SOAT\Hackaton\FrameSnap\Lambda-Framesnap-Video-Processor\Lambda-FrameSnap-Processor\Function.cs" line-rate="1" branch-rate="0.5" complexity="2">
          <methods>
            <method name="MoveNext" signature="()" line-rate="1" branch-rate="0.5" complexity="2">
              <lines>
                <line number="177" hits="10" branch="False" />
                <line number="179" hits="10" branch="False" />
                <line number="180" hits="10" branch="False" />
                <line number="181" hits="10" branch="False" />
                <line number="183" hits="10" branch="True" condition-coverage="50% (1/2)">
                  <conditions>
                    <condition number="141" type="jump" coverage="50%" />
                  </conditions>
                </line>
                <line number="184" hits="10" branch="False" />
                <line number="185" hits="10" branch="False" />
                <line number="186" hits="10" branch="False" />
                <line number="187" hits="10" branch="False" />
                <line number="188" hits="10" branch="False" />
                <line number="190" hits="10" branch="False" />
                <line number="191" hits="10" branch="False" />
                <line number="192" hits="10" branch="False" />
                <line number="193" hits="10" branch="False" />
                <line number="194" hits="10" branch="False" />
                <line number="196" hits="10" branch="False" />
                <line number="197" hits="8" branch="False" />
                <line number="198" hits="7" branch="False" />
                <line number="199" hits="3" branch="False" />
                <line number="200" hits="3" branch="False" />
                <line number="201" hits="3" branch="False" />
                <line number="202" hits="3" branch="False" />
                <line number="204" hits="7" branch="False" />
              </lines>
            </method>
          </methods>
          <lines>
            <line number="177" hits="10" branch="False" />
            <line number="179" hits="10" branch="False" />
            <line number="180" hits="10" branch="False" />
            <line number="181" hits="10" branch="False" />
            <line number="183" hits="10" branch="True" condition-coverage="50% (1/2)">
              <conditions>
                <condition number="141" type="jump" coverage="50%" />
              </conditions>
            </line>
            <line number="184" hits="10" branch="False" />
            <line number="185" hits="10" branch="False" />
            <line number="186" hits="10" branch="False" />
            <line number="187" hits="10" branch="False" />
            <line number="188" hits="10" branch="False" />
            <line number="190" hits="10" branch="False" />
            <line number="191" hits="10" branch="False" />
            <line number="192" hits="10" branch="False" />
            <line number="193" hits="10" branch="False" />
            <line number="194" hits="10" branch="False" />
            <line number="196" hits="10" branch="False" />
            <line number="197" hits="8" branch="False" />
            <line number="198" hits="7" branch="False" />
            <line number="199" hits="3" branch="False" />
            <line number="200" hits="3" branch="False" />
            <line number="201" hits="3" branch="False" />
            <line number="202" hits="3" branch="False" />
            <line number="204" hits="7" branch="False" />
          </lines>
        </class>
        <class name="Lambda_FrameSnap_Processor.Function/&lt;UpdateRedisStatus&gt;d__11" filename="Users\Marcelo\OneDrive\Documentos\Pós Graduação FIAP\FIAP-SOAT\Hackaton\FrameSnap\Lambda-Framesnap-Video-Processor\Lambda-FrameSnap-Processor\Function.cs" line-rate="1" branch-rate="1" complexity="1">
          <methods>
            <method name="MoveNext" signature="()" line-rate="1" branch-rate="1" complexity="1">
              <lines>
                <line number="154" hits="18" branch="False" />
                <line number="156" hits="18" branch="False" />
                <line number="157" hits="18" branch="False" />
                <line number="158" hits="18" branch="False" />
                <line number="160" hits="18" branch="False" />
                <line number="161" hits="18" branch="False" />
                <line number="162" hits="18" branch="False" />
                <line number="163" hits="18" branch="False" />
                <line number="164" hits="18" branch="False" />
                <line number="166" hits="18" branch="False" />
                <line number="167" hits="11" branch="False" />
                <line number="168" hits="10" branch="False" />
                <line number="169" hits="8" branch="False" />
                <line number="170" hits="8" branch="False" />
                <line number="171" hits="8" branch="False" />
                <line number="172" hits="8" branch="False" />
                <line number="174" hits="10" branch="False" />
              </lines>
            </method>
          </methods>
          <lines>
            <line number="154" hits="18" branch="False" />
            <line number="156" hits="18" branch="False" />
            <line number="157" hits="18" branch="False" />
            <line number="158" hits="18" branch="False" />
            <line number="160" hits="18" branch="False" />
            <line number="161" hits="18" branch="False" />
            <line number="162" hits="18" branch="False" />
            <line number="163" hits="18" branch="False" />
            <line number="164" hits="18" branch="False" />
            <line number="166" hits="18" branch="False" />
            <line number="167" hits="11" branch="False" />
            <line number="168" hits="10" branch="False" />
            <line number="169" hits="8" branch="False" />
            <line number="170" hits="8" branch="False" />
            <line number="171" hits="8" branch="False" />
            <line number="172" hits="8" branch="False" />
            <line number="174" hits="10" branch="False" />
          </lines>
        </class>
        <class name="Lambda_FrameSnap_Processor.Function/&lt;UploadZipToS3&gt;d__10" filename="Users\Marcelo\OneDrive\Documentos\Pós Graduação FIAP\FIAP-SOAT\Hackaton\FrameSnap\Lambda-Framesnap-Video-Processor\Lambda-FrameSnap-Processor\Function.cs" line-rate="0" branch-rate="1" complexity="1">
          <methods>
            <method name="MoveNext" signature="()" line-rate="0" branch-rate="1" complexity="1">
              <lines>
                <line number="144" hits="0" branch="False" />
                <line number="145" hits="0" branch="False" />
                <line number="146" hits="0" branch="False" />
                <line number="147" hits="0" branch="False" />
                <line number="148" hits="0" branch="False" />
                <line number="149" hits="0" branch="False" />
                <line number="150" hits="0" branch="False" />
                <line number="151" hits="0" branch="False" />
              </lines>
            </method>
          </methods>
          <lines>
            <line number="144" hits="0" branch="False" />
            <line number="145" hits="0" branch="False" />
            <line number="146" hits="0" branch="False" />
            <line number="147" hits="0" branch="False" />
            <line number="148" hits="0" branch="False" />
            <line number="149" hits="0" branch="False" />
            <line number="150" hits="0" branch="False" />
            <line number="151" hits="0" branch="False" />
          </lines>
        </class>
        <class name="Lambda_FrameSnap_Processor.S3Event" filename="Users\Marcelo\OneDrive\Documentos\Pós Graduação FIAP\FIAP-SOAT\Hackaton\FrameSnap\Lambda-Framesnap-Video-Processor\Lambda-FrameSnap-Processor\Function.cs" line-rate="1" branch-rate="1" complexity="1">
          <methods>
            <method name="get_Records" signature="()" line-rate="1" branch-rate="1" complexity="1">
              <lines>
                <line number="209" hits="63" branch="False" />
              </lines>
            </method>
          </methods>
          <lines>
            <line number="209" hits="63" branch="False" />
          </lines>
        </class>
        <class name="Lambda_FrameSnap_Processor.S3EventRecord" filename="Users\Marcelo\OneDrive\Documentos\Pós Graduação FIAP\FIAP-SOAT\Hackaton\FrameSnap\Lambda-Framesnap-Video-Processor\Lambda-FrameSnap-Processor\Function.cs" line-rate="1" branch-rate="1" complexity="1">
          <methods>
            <method name="get_S3" signature="()" line-rate="1" branch-rate="1" complexity="1">
              <lines>
                <line number="214" hits="57" branch="False" />
              </lines>
            </method>
          </methods>
          <lines>
            <line number="214" hits="57" branch="False" />
          </lines>
        </class>
        <class name="Lambda_FrameSnap_Processor.S3Details" filename="Users\Marcelo\OneDrive\Documentos\Pós Graduação FIAP\FIAP-SOAT\Hackaton\FrameSnap\Lambda-Framesnap-Video-Processor\Lambda-FrameSnap-Processor\Function.cs" line-rate="1" branch-rate="1" complexity="2">
          <methods>
            <method name="get_Bucket" signature="()" line-rate="1" branch-rate="1" complexity="1">
              <lines>
                <line number="219" hits="38" branch="False" />
              </lines>
            </method>
            <method name="get_Object" signature="()" line-rate="1" branch-rate="1" complexity="1">
              <lines>
                <line number="220" hits="57" branch="False" />
              </lines>
            </method>
          </methods>
          <lines>
            <line number="219" hits="38" branch="False" />
            <line number="220" hits="57" branch="False" />
          </lines>
        </class>
        <class name="Lambda_FrameSnap_Processor.S3Bucket" filename="Users\Marcelo\OneDrive\Documentos\Pós Graduação FIAP\FIAP-SOAT\Hackaton\FrameSnap\Lambda-Framesnap-Video-Processor\Lambda-FrameSnap-Processor\Function.cs" line-rate="1" branch-rate="1" complexity="1">
          <methods>
            <method name="get_Name" signature="()" line-rate="1" branch-rate="1" complexity="1">
              <lines>
                <line number="225" hits="38" branch="False" />
              </lines>
            </method>
          </methods>
          <lines>
            <line number="225" hits="38" branch="False" />
          </lines>
        </class>
        <class name="Lambda_FrameSnap_Processor.S3Object" filename="Users\Marcelo\OneDrive\Documentos\Pós Graduação FIAP\FIAP-SOAT\Hackaton\FrameSnap\Lambda-Framesnap-Video-Processor\Lambda-FrameSnap-Processor\Function.cs" line-rate="1" branch-rate="1" complexity="1">
          <methods>
            <method name="get_Key" signature="()" line-rate="1" branch-rate="1" complexity="1">
              <lines>
                <line number="230" hits="57" branch="False" />
              </lines>
            </method>
          </methods>
          <lines>
            <line number="230" hits="57" branch="False" />
          </lines>
        </class>
      </classes>
    </package>
  </packages>
</coverage>