<?xml version="1.0" encoding="utf-8"?>
<coverage line-rate="0.7568" branch-rate="0.7916" version="1.9" timestamp="1744411188" lines-covered="193" lines-valid="255" branches-covered="38" branches-valid="48">
  <sources>
    <source>C:\</source>
  </sources>
  <packages>
    <package name="Lambda-FrameSnap-Processor" line-rate="0.7568" branch-rate="0.7916" complexity="58">
      <classes>
        <class name="Lambda_FrameSnap_Processor.Function" filename="Users\Marcelo\OneDrive\Documentos\Pós Graduação FIAP\FIAP-SOAT\Hackaton\FrameSnap\Lambda-Framesnap-Video-Processor\Lambda-FrameSnap-Processor\Function.cs" line-rate="0.9729000000000001" branch-rate="0.8" complexity="11">
          <methods>
            <method name="InitializeFFmpeg" signature="(Amazon.Lambda.Core.ILambdaContext)" line-rate="1" branch-rate="1" complexity="6">
              <lines>
                <line number="46" hits="6" branch="False" />
                <line number="48" hits="6" branch="False" />
                <line number="49" hits="6" branch="False" />
                <line number="50" hits="6" branch="False" />
                <line number="51" hits="6" branch="False" />
                <line number="52" hits="6" branch="False" />
                <line number="53" hits="6" branch="False" />
                <line number="54" hits="6" branch="False" />
                <line number="56" hits="46" branch="True" condition-coverage="100% (2/2)">
                  <conditions>
                    <condition number="306" type="jump" coverage="100%" />
                  </conditions>
                </line>
                <line number="57" hits="16" branch="False" />
                <line number="58" hits="16" branch="False" />
                <line number="59" hits="16" branch="True" condition-coverage="100% (2/2)">
                  <conditions>
                    <condition number="161" type="jump" coverage="100%" />
                  </conditions>
                </line>
                <line number="60" hits="6" branch="False" />
                <line number="61" hits="6" branch="False" />
                <line number="62" hits="6" branch="False" />
                <line number="63" hits="6" branch="False" />
                <line number="66" hits="6" branch="False" />
                <line number="67" hits="6" branch="True" condition-coverage="100% (2/2)">
                  <conditions>
                    <condition number="241" type="jump" coverage="100%" />
                  </conditions>
                </line>
                <line number="68" hits="4" branch="False" />
                <line number="69" hits="4" branch="False" />
                <line number="70" hits="4" branch="False" />
                <line number="71" hits="4" branch="False" />
                <line number="72" hits="4" branch="False" />
                <line number="74" hits="2" branch="False" />
                <line number="75" hits="12" branch="False" />
                <line number="77" hits="2" branch="False" />
                <line number="78" hits="4" branch="False" />
              </lines>
            </method>
            <method name=".ctor" signature="()" line-rate="0" branch-rate="1" complexity="1">
              <lines>
                <line number="32" hits="0" branch="False" />
              </lines>
            </method>
            <method name=".ctor" signature="(Amazon.S3.IAmazonS3,System.Net.Http.HttpClient,Amazon.SimpleNotificationService.IAmazonSimpleNotificationService)" line-rate="1" branch-rate="0.5" complexity="4">
              <lines>
                <line number="25" hits="13" branch="False" />
                <line number="35" hits="13" branch="False" />
                <line number="36" hits="13" branch="False" />
                <line number="37" hits="13" branch="True" condition-coverage="50% (1/2)">
                  <conditions>
                    <condition number="31" type="jump" coverage="50%" />
                  </conditions>
                </line>
                <line number="38" hits="13" branch="True" condition-coverage="50% (1/2)">
                  <conditions>
                    <condition number="56" type="jump" coverage="50%" />
                  </conditions>
                </line>
                <line number="40" hits="13" branch="False" />
                <line number="41" hits="13" branch="False" />
                <line number="42" hits="13" branch="False" />
                <line number="43" hits="13" branch="False" />
              </lines>
            </method>
          </methods>
          <lines>
            <line number="46" hits="6" branch="False" />
            <line number="48" hits="6" branch="False" />
            <line number="49" hits="6" branch="False" />
            <line number="50" hits="6" branch="False" />
            <line number="51" hits="6" branch="False" />
            <line number="52" hits="6" branch="False" />
            <line number="53" hits="6" branch="False" />
            <line number="54" hits="6" branch="False" />
            <line number="56" hits="46" branch="True" condition-coverage="100% (2/2)">
              <conditions>
                <condition number="306" type="jump" coverage="100%" />
              </conditions>
            </line>
            <line number="57" hits="16" branch="False" />
            <line number="58" hits="16" branch="False" />
            <line number="59" hits="16" branch="True" condition-coverage="100% (2/2)">
              <conditions>
                <condition number="161" type="jump" coverage="100%" />
              </conditions>
            </line>
            <line number="60" hits="6" branch="False" />
            <line number="61" hits="6" branch="False" />
            <line number="62" hits="6" branch="False" />
            <line number="63" hits="6" branch="False" />
            <line number="66" hits="6" branch="False" />
            <line number="67" hits="6" branch="True" condition-coverage="100% (2/2)">
              <conditions>
                <condition number="241" type="jump" coverage="100%" />
              </conditions>
            </line>
            <line number="68" hits="4" branch="False" />
            <line number="69" hits="4" branch="False" />
            <line number="70" hits="4" branch="False" />
            <line number="71" hits="4" branch="False" />
            <line number="72" hits="4" branch="False" />
            <line number="74" hits="2" branch="False" />
            <line number="75" hits="12" branch="False" />
            <line number="77" hits="2" branch="False" />
            <line number="78" hits="4" branch="False" />
            <line number="32" hits="0" branch="False" />
            <line number="25" hits="13" branch="False" />
            <line number="35" hits="13" branch="False" />
            <line number="36" hits="13" branch="False" />
            <line number="37" hits="13" branch="True" condition-coverage="50% (1/2)">
              <conditions>
                <condition number="31" type="jump" coverage="50%" />
              </conditions>
            </line>
            <line number="38" hits="13" branch="True" condition-coverage="50% (1/2)">
              <conditions>
                <condition number="56" type="jump" coverage="50%" />
              </conditions>
            </line>
            <line number="40" hits="13" branch="False" />
            <line number="41" hits="13" branch="False" />
            <line number="42" hits="13" branch="False" />
            <line number="43" hits="13" branch="False" />
          </lines>
        </class>
        <class name="Lambda_FrameSnap_Processor.Function/&lt;DownloadVideoFromS3&gt;d__14" filename="Users\Marcelo\OneDrive\Documentos\Pós Graduação FIAP\FIAP-SOAT\Hackaton\FrameSnap\Lambda-Framesnap-Video-Processor\Lambda-FrameSnap-Processor\Function.cs" line-rate="1" branch-rate="1" complexity="1">
          <methods>
            <method name="MoveNext" signature="()" line-rate="1" branch-rate="1" complexity="1">
              <lines>
                <line number="254" hits="1" branch="False" />
                <line number="255" hits="1" branch="False" />
                <line number="256" hits="1" branch="False" />
                <line number="257" hits="1" branch="False" />
                <line number="258" hits="1" branch="False" />
                <line number="259" hits="1" branch="False" />
                <line number="261" hits="1" branch="False" />
                <line number="262" hits="1" branch="False" />
                <line number="263" hits="1" branch="False" />
              </lines>
            </method>
          </methods>
          <lines>
            <line number="254" hits="1" branch="False" />
            <line number="255" hits="1" branch="False" />
            <line number="256" hits="1" branch="False" />
            <line number="257" hits="1" branch="False" />
            <line number="258" hits="1" branch="False" />
            <line number="259" hits="1" branch="False" />
            <line number="261" hits="1" branch="False" />
            <line number="262" hits="1" branch="False" />
            <line number="263" hits="1" branch="False" />
          </lines>
        </class>
        <class name="Lambda_FrameSnap_Processor.Function/&lt;FunctionHandler&gt;d__12" filename="Users\Marcelo\OneDrive\Documentos\Pós Graduação FIAP\FIAP-SOAT\Hackaton\FrameSnap\Lambda-Framesnap-Video-Processor\Lambda-FrameSnap-Processor\Function.cs" line-rate="1" branch-rate="1" complexity="4">
          <methods>
            <method name="MoveNext" signature="()" line-rate="1" branch-rate="1" complexity="4">
              <lines>
                <line number="81" hits="7" branch="False" />
                <line number="82" hits="7" branch="True" condition-coverage="100% (2/2)">
                  <conditions>
                    <condition number="36" type="jump" coverage="100%" />
                  </conditions>
                </line>
                <line number="83" hits="1" branch="False" />
                <line number="84" hits="1" branch="False" />
                <line number="85" hits="1" branch="False" />
                <line number="89" hits="6" branch="False" />
                <line number="90" hits="6" branch="False" />
                <line number="91" hits="4" branch="False" />
                <line number="93" hits="19" branch="True" condition-coverage="100% (2/2)">
                  <conditions>
                    <condition number="301" type="jump" coverage="100%" />
                  </conditions>
                </line>
                <line number="94" hits="4" branch="False" />
                <line number="95" hits="4" branch="False" />
                <line number="96" hits="3" branch="False" />
                <line number="97" hits="3" branch="False" />
                <line number="98" hits="3" branch="False" />
                <line number="99" hits="3" branch="False" />
                <line number="100" hits="3" branch="False" />
                <line number="101" hits="3" branch="False" />
                <line number="102" hits="3" branch="False" />
                <line number="104" hits="4" branch="False" />
              </lines>
            </method>
          </methods>
          <lines>
            <line number="81" hits="7" branch="False" />
            <line number="82" hits="7" branch="True" condition-coverage="100% (2/2)">
              <conditions>
                <condition number="36" type="jump" coverage="100%" />
              </conditions>
            </line>
            <line number="83" hits="1" branch="False" />
            <line number="84" hits="1" branch="False" />
            <line number="85" hits="1" branch="False" />
            <line number="89" hits="6" branch="False" />
            <line number="90" hits="6" branch="False" />
            <line number="91" hits="4" branch="False" />
            <line number="93" hits="19" branch="True" condition-coverage="100% (2/2)">
              <conditions>
                <condition number="301" type="jump" coverage="100%" />
              </conditions>
            </line>
            <line number="94" hits="4" branch="False" />
            <line number="95" hits="4" branch="False" />
            <line number="96" hits="3" branch="False" />
            <line number="97" hits="3" branch="False" />
            <line number="98" hits="3" branch="False" />
            <line number="99" hits="3" branch="False" />
            <line number="100" hits="3" branch="False" />
            <line number="101" hits="3" branch="False" />
            <line number="102" hits="3" branch="False" />
            <line number="104" hits="4" branch="False" />
          </lines>
        </class>
        <class name="Lambda_FrameSnap_Processor.Function/&lt;ProcessMessageAsync&gt;d__13" filename="Users\Marcelo\OneDrive\Documentos\Pós Graduação FIAP\FIAP-SOAT\Hackaton\FrameSnap\Lambda-Framesnap-Video-Processor\Lambda-FrameSnap-Processor\Function.cs" line-rate="0.5267000000000001" branch-rate="0.7333" complexity="30">
          <methods>
            <method name="MoveNext" signature="()" line-rate="0.5267000000000001" branch-rate="0.7333" complexity="30">
              <lines>
                <line number="107" hits="4" branch="False" />
                <line number="108" hits="4" branch="False" />
                <line number="109" hits="4" branch="False" />
                <line number="110" hits="4" branch="False" />
                <line number="111" hits="4" branch="True" condition-coverage="100% (2/2)">
                  <conditions>
                    <condition number="58" type="jump" coverage="100%" />
                  </conditions>
                </line>
                <line number="114" hits="4" branch="False" />
                <line number="115" hits="4" branch="False" />
                <line number="116" hits="4" branch="True" condition-coverage="75% (3/4)">
                  <conditions>
                    <condition number="191" type="jump" coverage="50%" />
                    <condition number="203" type="jump" coverage="100%" />
                  </conditions>
                </line>
                <line number="118" hits="4" branch="True" condition-coverage="100% (2/2)">
                  <conditions>
                    <condition number="230" type="jump" coverage="100%" />
                  </conditions>
                </line>
                <line number="119" hits="2" branch="False" />
                <line number="120" hits="2" branch="False" />
                <line number="121" hits="2" branch="False" />
                <line number="124" hits="2" branch="False" />
                <line number="126" hits="2" branch="True" condition-coverage="100% (2/2)">
                  <conditions>
                    <condition number="306" type="jump" coverage="100%" />
                  </conditions>
                </line>
                <line number="127" hits="1" branch="False" />
                <line number="128" hits="1" branch="False" />
                <line number="129" hits="1" branch="False" />
                <line number="132" hits="1" branch="False" />
                <line number="133" hits="1" branch="False" />
                <line number="136" hits="1" branch="False" />
                <line number="137" hits="1" branch="False" />
                <line number="138" hits="1" branch="False" />
                <line number="139" hits="1" branch="False" />
                <line number="140" hits="0" branch="False" />
                <line number="141" hits="0" branch="False" />
                <line number="142" hits="0" branch="False" />
                <line number="143" hits="0" branch="False" />
                <line number="145" hits="1" branch="False" />
                <line number="146" hits="1" branch="False" />
                <line number="147" hits="1" branch="False" />
                <line number="149" hits="1" branch="False" />
                <line number="150" hits="1" branch="True" condition-coverage="50% (1/2)">
                  <conditions>
                    <condition number="1007" type="jump" coverage="50%" />
                  </conditions>
                </line>
                <line number="151" hits="0" branch="False" />
                <line number="152" hits="0" branch="False" />
                <line number="153" hits="0" branch="False" />
                <line number="154" hits="1" branch="False" />
                <line number="155" hits="1" branch="False" />
                <line number="157" hits="1" branch="False" />
                <line number="158" hits="1" branch="False" />
                <line number="159" hits="0" branch="True" condition-coverage="0% (0/2)">
                  <conditions>
                    <condition number="1233" type="jump" coverage="0%" />
                  </conditions>
                </line>
                <line number="160" hits="0" branch="False" />
                <line number="161" hits="0" branch="False" />
                <line number="164" hits="0" branch="False" />
                <line number="165" hits="0" branch="False" />
                <line number="167" hits="0" branch="False" />
                <line number="168" hits="0" branch="False" />
                <line number="169" hits="0" branch="False" />
                <line number="171" hits="0" branch="False" />
                <line number="172" hits="0" branch="True" condition-coverage="0% (0/2)">
                  <conditions>
                    <condition number="1804" type="jump" coverage="0%" />
                  </conditions>
                </line>
                <line number="173" hits="0" branch="False" />
                <line number="174" hits="0" branch="False" />
                <line number="175" hits="0" branch="False" />
                <line number="176" hits="0" branch="False" />
                <line number="177" hits="0" branch="False" />
                <line number="179" hits="0" branch="False" />
                <line number="180" hits="0" branch="False" />
                <line number="182" hits="0" branch="False" />
                <line number="183" hits="0" branch="False" />
                <line number="184" hits="0" branch="False" />
                <line number="185" hits="0" branch="False" />
                <line number="187" hits="0" branch="False" />
                <line number="188" hits="0" branch="False" />
                <line number="189" hits="0" branch="False" />
                <line number="192" hits="0" branch="False" />
                <line number="193" hits="0" branch="False" />
                <line number="194" hits="0" branch="False" />
                <line number="197" hits="0" branch="False" />
                <line number="198" hits="0" branch="False" />
                <line number="199" hits="0" branch="False" />
                <line number="200" hits="0" branch="False" />
                <line number="201" hits="0" branch="False" />
                <line number="202" hits="0" branch="False" />
                <line number="204" hits="0" branch="False" />
                <line number="205" hits="0" branch="False" />
                <line number="206" hits="1" branch="False" />
                <line number="207" hits="1" branch="False" />
                <line number="208" hits="1" branch="False" />
                <line number="209" hits="1" branch="False" />
                <line number="211" hits="1" branch="True" condition-coverage="100% (2/2)">
                  <conditions>
                    <condition number="2953" type="jump" coverage="100%" />
                  </conditions>
                </line>
                <line number="212" hits="1" branch="False" />
                <line number="214" hits="1" branch="False" />
                <line number="215" hits="1" branch="False" />
                <line number="216" hits="1" branch="False" />
                <line number="219" hits="1" branch="False" />
                <line number="220" hits="1" branch="False" />
                <line number="221" hits="0" branch="False" />
                <line number="222" hits="0" branch="False" />
                <line number="223" hits="0" branch="False" />
                <line number="224" hits="0" branch="False" />
                <line number="225" hits="1" branch="False" />
                <line number="226" hits="1" branch="False" />
                <line number="229" hits="4" branch="False" />
                <line number="231" hits="4" branch="False" />
                <line number="233" hits="4" branch="True" condition-coverage="100% (4/4)">
                  <conditions>
                    <condition number="3497" type="jump" coverage="100%" />
                    <condition number="3517" type="jump" coverage="100%" />
                  </conditions>
                </line>
                <line number="234" hits="1" branch="False" />
                <line number="235" hits="1" branch="False" />
                <line number="236" hits="1" branch="False" />
                <line number="237" hits="4" branch="True" condition-coverage="50% (2/4)">
                  <conditions>
                    <condition number="3539" type="jump" coverage="50%" />
                    <condition number="3559" type="jump" coverage="50%" />
                  </conditions>
                </line>
                <line number="238" hits="0" branch="False" />
                <line number="239" hits="0" branch="False" />
                <line number="240" hits="0" branch="False" />
                <line number="241" hits="4" branch="True" condition-coverage="100% (4/4)">
                  <conditions>
                    <condition number="3581" type="jump" coverage="100%" />
                    <condition number="3601" type="jump" coverage="100%" />
                  </conditions>
                </line>
                <line number="242" hits="1" branch="False" />
                <line number="243" hits="1" branch="False" />
                <line number="244" hits="1" branch="False" />
                <line number="245" hits="4" branch="False" />
                <line number="246" hits="0" branch="False" />
                <line number="247" hits="0" branch="False" />
                <line number="248" hits="0" branch="False" />
                <line number="249" hits="0" branch="False" />
                <line number="250" hits="4" branch="False" />
                <line number="251" hits="3" branch="False" />
              </lines>
            </method>
          </methods>
          <lines>
            <line number="107" hits="4" branch="False" />
            <line number="108" hits="4" branch="False" />
            <line number="109" hits="4" branch="False" />
            <line number="110" hits="4" branch="False" />
            <line number="111" hits="4" branch="True" condition-coverage="100% (2/2)">
              <conditions>
                <condition number="58" type="jump" coverage="100%" />
              </conditions>
            </line>
            <line number="114" hits="4" branch="False" />
            <line number="115" hits="4" branch="False" />
            <line number="116" hits="4" branch="True" condition-coverage="75% (3/4)">
              <conditions>
                <condition number="191" type="jump" coverage="50%" />
                <condition number="203" type="jump" coverage="100%" />
              </conditions>
            </line>
            <line number="118" hits="4" branch="True" condition-coverage="100% (2/2)">
              <conditions>
                <condition number="230" type="jump" coverage="100%" />
              </conditions>
            </line>
            <line number="119" hits="2" branch="False" />
            <line number="120" hits="2" branch="False" />
            <line number="121" hits="2" branch="False" />
            <line number="124" hits="2" branch="False" />
            <line number="126" hits="2" branch="True" condition-coverage="100% (2/2)">
              <conditions>
                <condition number="306" type="jump" coverage="100%" />
              </conditions>
            </line>
            <line number="127" hits="1" branch="False" />
            <line number="128" hits="1" branch="False" />
            <line number="129" hits="1" branch="False" />
            <line number="132" hits="1" branch="False" />
            <line number="133" hits="1" branch="False" />
            <line number="136" hits="1" branch="False" />
            <line number="137" hits="1" branch="False" />
            <line number="138" hits="1" branch="False" />
            <line number="139" hits="1" branch="False" />
            <line number="140" hits="0" branch="False" />
            <line number="141" hits="0" branch="False" />
            <line number="142" hits="0" branch="False" />
            <line number="143" hits="0" branch="False" />
            <line number="145" hits="1" branch="False" />
            <line number="146" hits="1" branch="False" />
            <line number="147" hits="1" branch="False" />
            <line number="149" hits="1" branch="False" />
            <line number="150" hits="1" branch="True" condition-coverage="50% (1/2)">
              <conditions>
                <condition number="1007" type="jump" coverage="50%" />
              </conditions>
            </line>
            <line number="151" hits="0" branch="False" />
            <line number="152" hits="0" branch="False" />
            <line number="153" hits="0" branch="False" />
            <line number="154" hits="1" branch="False" />
            <line number="155" hits="1" branch="False" />
            <line number="157" hits="1" branch="False" />
            <line number="158" hits="1" branch="False" />
            <line number="159" hits="0" branch="True" condition-coverage="0% (0/2)">
              <conditions>
                <condition number="1233" type="jump" coverage="0%" />
              </conditions>
            </line>
            <line number="160" hits="0" branch="False" />
            <line number="161" hits="0" branch="False" />
            <line number="164" hits="0" branch="False" />
            <line number="165" hits="0" branch="False" />
            <line number="167" hits="0" branch="False" />
            <line number="168" hits="0" branch="False" />
            <line number="169" hits="0" branch="False" />
            <line number="171" hits="0" branch="False" />
            <line number="172" hits="0" branch="True" condition-coverage="0% (0/2)">
              <conditions>
                <condition number="1804" type="jump" coverage="0%" />
              </conditions>
            </line>
            <line number="173" hits="0" branch="False" />
            <line number="174" hits="0" branch="False" />
            <line number="175" hits="0" branch="False" />
            <line number="176" hits="0" branch="False" />
            <line number="177" hits="0" branch="False" />
            <line number="179" hits="0" branch="False" />
            <line number="180" hits="0" branch="False" />
            <line number="182" hits="0" branch="False" />
            <line number="183" hits="0" branch="False" />
            <line number="184" hits="0" branch="False" />
            <line number="185" hits="0" branch="False" />
            <line number="187" hits="0" branch="False" />
            <line number="188" hits="0" branch="False" />
            <line number="189" hits="0" branch="False" />
            <line number="192" hits="0" branch="False" />
            <line number="193" hits="0" branch="False" />
            <line number="194" hits="0" branch="False" />
            <line number="197" hits="0" branch="False" />
            <line number="198" hits="0" branch="False" />
            <line number="199" hits="0" branch="False" />
            <line number="200" hits="0" branch="False" />
            <line number="201" hits="0" branch="False" />
            <line number="202" hits="0" branch="False" />
            <line number="204" hits="0" branch="False" />
            <line number="205" hits="0" branch="False" />
            <line number="206" hits="1" branch="False" />
            <line number="207" hits="1" branch="False" />
            <line number="208" hits="1" branch="False" />
            <line number="209" hits="1" branch="False" />
            <line number="211" hits="1" branch="True" condition-coverage="100% (2/2)">
              <conditions>
                <condition number="2953" type="jump" coverage="100%" />
              </conditions>
            </line>
            <line number="212" hits="1" branch="False" />
            <line number="214" hits="1" branch="False" />
            <line number="215" hits="1" branch="False" />
            <line number="216" hits="1" branch="False" />
            <line number="219" hits="1" branch="False" />
            <line number="220" hits="1" branch="False" />
            <line number="221" hits="0" branch="False" />
            <line number="222" hits="0" branch="False" />
            <line number="223" hits="0" branch="False" />
            <line number="224" hits="0" branch="False" />
            <line number="225" hits="1" branch="False" />
            <line number="226" hits="1" branch="False" />
            <line number="229" hits="4" branch="False" />
            <line number="231" hits="4" branch="False" />
            <line number="233" hits="4" branch="True" condition-coverage="100% (4/4)">
              <conditions>
                <condition number="3497" type="jump" coverage="100%" />
                <condition number="3517" type="jump" coverage="100%" />
              </conditions>
            </line>
            <line number="234" hits="1" branch="False" />
            <line number="235" hits="1" branch="False" />
            <line number="236" hits="1" branch="False" />
            <line number="237" hits="4" branch="True" condition-coverage="50% (2/4)">
              <conditions>
                <condition number="3539" type="jump" coverage="50%" />
                <condition number="3559" type="jump" coverage="50%" />
              </conditions>
            </line>
            <line number="238" hits="0" branch="False" />
            <line number="239" hits="0" branch="False" />
            <line number="240" hits="0" branch="False" />
            <line number="241" hits="4" branch="True" condition-coverage="100% (4/4)">
              <conditions>
                <condition number="3581" type="jump" coverage="100%" />
                <condition number="3601" type="jump" coverage="100%" />
              </conditions>
            </line>
            <line number="242" hits="1" branch="False" />
            <line number="243" hits="1" branch="False" />
            <line number="244" hits="1" branch="False" />
            <line number="245" hits="4" branch="False" />
            <line number="246" hits="0" branch="False" />
            <line number="247" hits="0" branch="False" />
            <line number="248" hits="0" branch="False" />
            <line number="249" hits="0" branch="False" />
            <line number="250" hits="4" branch="False" />
            <line number="251" hits="3" branch="False" />
          </lines>
        </class>
        <class name="Lambda_FrameSnap_Processor.Function/&lt;SendSnsNotification&gt;d__18" filename="Users\Marcelo\OneDrive\Documentos\Pós Graduação FIAP\FIAP-SOAT\Hackaton\FrameSnap\Lambda-Framesnap-Video-Processor\Lambda-FrameSnap-Processor\Function.cs" line-rate="1" branch-rate="1" complexity="2">
          <methods>
            <method name="MoveNext" signature="()" line-rate="1" branch-rate="1" complexity="2">
              <lines>
                <line number="329" hits="3" branch="False" />
                <line number="331" hits="3" branch="False" />
                <line number="332" hits="3" branch="False" />
                <line number="334" hits="3" branch="True" condition-coverage="100% (2/2)">
                  <conditions>
                    <condition number="90" type="jump" coverage="100%" />
                  </conditions>
                </line>
                <line number="335" hits="3" branch="False" />
                <line number="336" hits="3" branch="False" />
                <line number="337" hits="3" branch="False" />
                <line number="338" hits="3" branch="False" />
                <line number="339" hits="3" branch="False" />
                <line number="340" hits="3" branch="False" />
                <line number="342" hits="3" branch="False" />
                <line number="343" hits="3" branch="False" />
                <line number="344" hits="3" branch="False" />
                <line number="345" hits="3" branch="False" />
                <line number="346" hits="3" branch="False" />
                <line number="347" hits="3" branch="False" />
                <line number="349" hits="3" branch="False" />
                <line number="350" hits="2" branch="False" />
                <line number="351" hits="1" branch="False" />
                <line number="352" hits="2" branch="False" />
                <line number="353" hits="2" branch="False" />
                <line number="354" hits="2" branch="False" />
                <line number="356" hits="2" branch="False" />
                <line number="357" hits="3" branch="False" />
              </lines>
            </method>
          </methods>
          <lines>
            <line number="329" hits="3" branch="False" />
            <line number="331" hits="3" branch="False" />
            <line number="332" hits="3" branch="False" />
            <line number="334" hits="3" branch="True" condition-coverage="100% (2/2)">
              <conditions>
                <condition number="90" type="jump" coverage="100%" />
              </conditions>
            </line>
            <line number="335" hits="3" branch="False" />
            <line number="336" hits="3" branch="False" />
            <line number="337" hits="3" branch="False" />
            <line number="338" hits="3" branch="False" />
            <line number="339" hits="3" branch="False" />
            <line number="340" hits="3" branch="False" />
            <line number="342" hits="3" branch="False" />
            <line number="343" hits="3" branch="False" />
            <line number="344" hits="3" branch="False" />
            <line number="345" hits="3" branch="False" />
            <line number="346" hits="3" branch="False" />
            <line number="347" hits="3" branch="False" />
            <line number="349" hits="3" branch="False" />
            <line number="350" hits="2" branch="False" />
            <line number="351" hits="1" branch="False" />
            <line number="352" hits="2" branch="False" />
            <line number="353" hits="2" branch="False" />
            <line number="354" hits="2" branch="False" />
            <line number="356" hits="2" branch="False" />
            <line number="357" hits="3" branch="False" />
          </lines>
        </class>
        <class name="Lambda_FrameSnap_Processor.Function/&lt;UpdateDynamoMetadata&gt;d__17" filename="Users\Marcelo\OneDrive\Documentos\Pós Graduação FIAP\FIAP-SOAT\Hackaton\FrameSnap\Lambda-Framesnap-Video-Processor\Lambda-FrameSnap-Processor\Function.cs" line-rate="1" branch-rate="1" complexity="2">
          <methods>
            <method name="MoveNext" signature="()" line-rate="1" branch-rate="1" complexity="2">
              <lines>
                <line number="299" hits="4" branch="False" />
                <line number="301" hits="4" branch="False" />
                <line number="302" hits="4" branch="False" />
                <line number="303" hits="4" branch="False" />
                <line number="305" hits="4" branch="True" condition-coverage="100% (2/2)">
                  <conditions>
                    <condition number="106" type="jump" coverage="100%" />
                  </conditions>
                </line>
                <line number="306" hits="4" branch="False" />
                <line number="307" hits="4" branch="False" />
                <line number="308" hits="4" branch="False" />
                <line number="309" hits="4" branch="False" />
                <line number="310" hits="4" branch="False" />
                <line number="312" hits="4" branch="False" />
                <line number="313" hits="4" branch="False" />
                <line number="314" hits="4" branch="False" />
                <line number="315" hits="4" branch="False" />
                <line number="316" hits="4" branch="False" />
                <line number="318" hits="4" branch="False" />
                <line number="319" hits="3" branch="False" />
                <line number="320" hits="3" branch="False" />
                <line number="321" hits="1" branch="False" />
                <line number="322" hits="1" branch="False" />
                <line number="323" hits="1" branch="False" />
                <line number="324" hits="1" branch="False" />
                <line number="326" hits="3" branch="False" />
              </lines>
            </method>
          </methods>
          <lines>
            <line number="299" hits="4" branch="False" />
            <line number="301" hits="4" branch="False" />
            <line number="302" hits="4" branch="False" />
            <line number="303" hits="4" branch="False" />
            <line number="305" hits="4" branch="True" condition-coverage="100% (2/2)">
              <conditions>
                <condition number="106" type="jump" coverage="100%" />
              </conditions>
            </line>
            <line number="306" hits="4" branch="False" />
            <line number="307" hits="4" branch="False" />
            <line number="308" hits="4" branch="False" />
            <line number="309" hits="4" branch="False" />
            <line number="310" hits="4" branch="False" />
            <line number="312" hits="4" branch="False" />
            <line number="313" hits="4" branch="False" />
            <line number="314" hits="4" branch="False" />
            <line number="315" hits="4" branch="False" />
            <line number="316" hits="4" branch="False" />
            <line number="318" hits="4" branch="False" />
            <line number="319" hits="3" branch="False" />
            <line number="320" hits="3" branch="False" />
            <line number="321" hits="1" branch="False" />
            <line number="322" hits="1" branch="False" />
            <line number="323" hits="1" branch="False" />
            <line number="324" hits="1" branch="False" />
            <line number="326" hits="3" branch="False" />
          </lines>
        </class>
        <class name="Lambda_FrameSnap_Processor.Function/&lt;UpdateRedisStatus&gt;d__16" filename="Users\Marcelo\OneDrive\Documentos\Pós Graduação FIAP\FIAP-SOAT\Hackaton\FrameSnap\Lambda-Framesnap-Video-Processor\Lambda-FrameSnap-Processor\Function.cs" line-rate="1" branch-rate="1" complexity="1">
          <methods>
            <method name="MoveNext" signature="()" line-rate="1" branch-rate="1" complexity="1">
              <lines>
                <line number="276" hits="4" branch="False" />
                <line number="278" hits="4" branch="False" />
                <line number="279" hits="4" branch="False" />
                <line number="280" hits="4" branch="False" />
                <line number="282" hits="4" branch="False" />
                <line number="283" hits="4" branch="False" />
                <line number="284" hits="4" branch="False" />
                <line number="285" hits="4" branch="False" />
                <line number="286" hits="4" branch="False" />
                <line number="288" hits="4" branch="False" />
                <line number="289" hits="3" branch="False" />
                <line number="290" hits="3" branch="False" />
                <line number="291" hits="1" branch="False" />
                <line number="292" hits="1" branch="False" />
                <line number="293" hits="1" branch="False" />
                <line number="294" hits="1" branch="False" />
                <line number="296" hits="3" branch="False" />
              </lines>
            </method>
          </methods>
          <lines>
            <line number="276" hits="4" branch="False" />
            <line number="278" hits="4" branch="False" />
            <line number="279" hits="4" branch="False" />
            <line number="280" hits="4" branch="False" />
            <line number="282" hits="4" branch="False" />
            <line number="283" hits="4" branch="False" />
            <line number="284" hits="4" branch="False" />
            <line number="285" hits="4" branch="False" />
            <line number="286" hits="4" branch="False" />
            <line number="288" hits="4" branch="False" />
            <line number="289" hits="3" branch="False" />
            <line number="290" hits="3" branch="False" />
            <line number="291" hits="1" branch="False" />
            <line number="292" hits="1" branch="False" />
            <line number="293" hits="1" branch="False" />
            <line number="294" hits="1" branch="False" />
            <line number="296" hits="3" branch="False" />
          </lines>
        </class>
        <class name="Lambda_FrameSnap_Processor.Function/&lt;UploadZipToS3&gt;d__15" filename="Users\Marcelo\OneDrive\Documentos\Pós Graduação FIAP\FIAP-SOAT\Hackaton\FrameSnap\Lambda-Framesnap-Video-Processor\Lambda-FrameSnap-Processor\Function.cs" line-rate="0" branch-rate="1" complexity="1">
          <methods>
            <method name="MoveNext" signature="()" line-rate="0" branch-rate="1" complexity="1">
              <lines>
                <line number="266" hits="0" branch="False" />
                <line number="267" hits="0" branch="False" />
                <line number="268" hits="0" branch="False" />
                <line number="269" hits="0" branch="False" />
                <line number="270" hits="0" branch="False" />
                <line number="271" hits="0" branch="False" />
                <line number="272" hits="0" branch="False" />
                <line number="273" hits="0" branch="False" />
              </lines>
            </method>
          </methods>
          <lines>
            <line number="266" hits="0" branch="False" />
            <line number="267" hits="0" branch="False" />
            <line number="268" hits="0" branch="False" />
            <line number="269" hits="0" branch="False" />
            <line number="270" hits="0" branch="False" />
            <line number="271" hits="0" branch="False" />
            <line number="272" hits="0" branch="False" />
            <line number="273" hits="0" branch="False" />
          </lines>
        </class>
        <class name="Lambda_FrameSnap_Processor.S3Event" filename="Users\Marcelo\OneDrive\Documentos\Pós Graduação FIAP\FIAP-SOAT\Hackaton\FrameSnap\Lambda-Framesnap-Video-Processor\Lambda-FrameSnap-Processor\Function.cs" line-rate="1" branch-rate="1" complexity="1">
          <methods>
            <method name="get_Records" signature="()" line-rate="1" branch-rate="1" complexity="1">
              <lines>
                <line number="362" hits="12" branch="False" />
              </lines>
            </method>
          </methods>
          <lines>
            <line number="362" hits="12" branch="False" />
          </lines>
        </class>
        <class name="Lambda_FrameSnap_Processor.S3EventRecord" filename="Users\Marcelo\OneDrive\Documentos\Pós Graduação FIAP\FIAP-SOAT\Hackaton\FrameSnap\Lambda-Framesnap-Video-Processor\Lambda-FrameSnap-Processor\Function.cs" line-rate="1" branch-rate="1" complexity="1">
          <methods>
            <method name="get_S3" signature="()" line-rate="1" branch-rate="1" complexity="1">
              <lines>
                <line number="367" hits="6" branch="False" />
              </lines>
            </method>
          </methods>
          <lines>
            <line number="367" hits="6" branch="False" />
          </lines>
        </class>
        <class name="Lambda_FrameSnap_Processor.S3Details" filename="Users\Marcelo\OneDrive\Documentos\Pós Graduação FIAP\FIAP-SOAT\Hackaton\FrameSnap\Lambda-Framesnap-Video-Processor\Lambda-FrameSnap-Processor\Function.cs" line-rate="1" branch-rate="1" complexity="2">
          <methods>
            <method name="get_Bucket" signature="()" line-rate="1" branch-rate="1" complexity="1">
              <lines>
                <line number="372" hits="4" branch="False" />
              </lines>
            </method>
            <method name="get_Object" signature="()" line-rate="1" branch-rate="1" complexity="1">
              <lines>
                <line number="373" hits="6" branch="False" />
              </lines>
            </method>
          </methods>
          <lines>
            <line number="372" hits="4" branch="False" />
            <line number="373" hits="6" branch="False" />
          </lines>
        </class>
        <class name="Lambda_FrameSnap_Processor.S3Bucket" filename="Users\Marcelo\OneDrive\Documentos\Pós Graduação FIAP\FIAP-SOAT\Hackaton\FrameSnap\Lambda-Framesnap-Video-Processor\Lambda-FrameSnap-Processor\Function.cs" line-rate="1" branch-rate="1" complexity="1">
          <methods>
            <method name="get_Name" signature="()" line-rate="1" branch-rate="1" complexity="1">
              <lines>
                <line number="378" hits="4" branch="False" />
              </lines>
            </method>
          </methods>
          <lines>
            <line number="378" hits="4" branch="False" />
          </lines>
        </class>
        <class name="Lambda_FrameSnap_Processor.S3Object" filename="Users\Marcelo\OneDrive\Documentos\Pós Graduação FIAP\FIAP-SOAT\Hackaton\FrameSnap\Lambda-Framesnap-Video-Processor\Lambda-FrameSnap-Processor\Function.cs" line-rate="1" branch-rate="1" complexity="1">
          <methods>
            <method name="get_Key" signature="()" line-rate="1" branch-rate="1" complexity="1">
              <lines>
                <line number="383" hits="6" branch="False" />
              </lines>
            </method>
          </methods>
          <lines>
            <line number="383" hits="6" branch="False" />
          </lines>
        </class>
      </classes>
    </package>
  </packages>
</coverage>